  Using bundled DotNet SDK
  Log file: C:\Users\u1070175\AppData\Local\UnrealBuildTool\Log.txt
  Invalidating makefile for TestProjectEditor (working set of source files changed)
  Parsing headers for TestProjectEditor
    Running UnrealHeaderTool "C:\Users\u1070175\Documents\GitHub\TradGameDevCpp\UnrealTestCPPProject\TestProject\TestProject.uproject" "C:\Users\u1070175\Documents\GitHub\TradGameDevCpp\UnrealTestCPPProject\TestProject\Intermediate\Build\Win64\TestProjectEditor\Development\TestProjectEditor.uhtmanifest" -LogCmds="loginit warning, logexit warning, logdatabase error" -Unattended -WarningsAsErrors -abslog="C:\Users\u1070175\AppData\Local\UnrealBuildTool\Log_UHT.txt" -installed
C:/Users/u1070175/Documents/GitHub/TradGameDevCpp/UnrealTestCPPProject/TestProject/Source/TestProject/ActorCppParent.h(22): error : Member variable declaration: 'runtimeSetMesh' cannot be defined in 'ActorCppParent' as it is already defined in scope 'ObjectProperty /Script/TestProject.ActorCppParent:runtimeSetMesh' (shadowing is not allowed)
C:\Program Files\Microsoft Visual Studio\2022\Enterprise\MSBuild\Microsoft\VC\v170\Microsoft.MakeFile.Targets(44,5): error MSB3073: The command ""C:\Program Files\Epic Games\UE_5.0\Engine\Build\BatchFiles\Build.bat" TestProjectEditor Win64 Development -Project="C:\Users\u1070175\Documents\GitHub\TradGameDevCpp\UnrealTestCPPProject\TestProject\TestProject.uproject" -WaitMutex -FromMsBuild" exited with code 6.
